<?xml version="1.0" encoding="UTF-8"?>
<testsuite name="com.policyManagement.service.PolicyServiceTest" time="0.771" tests="2" errors="0" skipped="0" failures="0">
  <properties>
    <property name="java.runtime.name" value="OpenJDK Runtime Environment"/>
    <property name="sun.boot.library.path" value="C:\Users\450768\Documents\OpenJDK8U-jdk_x64_windows_hotspot_8u192b12\jdk8u192-b12\jre\bin"/>
    <property name="java.vm.version" value="25.192-b12"/>
    <property name="java.vm.vendor" value="Oracle Corporation"/>
    <property name="maven.multiModuleProjectDirectory" value="C:\Users\450768\git\policy-management-services\policy-management-services"/>
    <property name="java.vendor.url" value="http://java.oracle.com/"/>
    <property name="path.separator" value=";"/>
    <property name="guice.disable.misplaced.annotation.check" value="true"/>
    <property name="java.vm.name" value="OpenJDK 64-Bit Server VM"/>
    <property name="file.encoding.pkg" value="sun.io"/>
    <property name="user.script" value=""/>
    <property name="user.country" value="US"/>
    <property name="sun.java.launcher" value="SUN_STANDARD"/>
    <property name="sun.os.patch.level" value=""/>
    <property name="java.vm.specification.name" value="Java Virtual Machine Specification"/>
    <property name="user.dir" value="C:\Users\450768\git\policy-management-services\policy-management-services"/>
    <property name="java.runtime.version" value="1.8.0_192-b12"/>
    <property name="java.awt.graphicsenv" value="sun.awt.Win32GraphicsEnvironment"/>
    <property name="java.endorsed.dirs" value="C:\Users\450768\Documents\OpenJDK8U-jdk_x64_windows_hotspot_8u192b12\jdk8u192-b12\jre\lib\endorsed"/>
    <property name="os.arch" value="amd64"/>
    <property name="java.io.tmpdir" value="C:\Users\450768\AppData\Local\Temp\"/>
    <property name="line.separator" value="&#10;"/>
    <property name="java.vm.specification.vendor" value="Oracle Corporation"/>
    <property name="user.variant" value=""/>
    <property name="os.name" value="Windows 10"/>
    <property name="classworlds.conf" value="C:\Users\450768\workspace\.metadata\.plugins\org.eclipse.m2e.launching\launches\m2conf6562786430121047453.tmp"/>
    <property name="sun.jnu.encoding" value="Cp1252"/>
    <property name="java.library.path" value="C:\Users\450768\Documents\OpenJDK8U-jdk_x64_windows_hotspot_8u192b12\jdk8u192-b12\bin;C:\WINDOWS\Sun\Java\bin;C:\WINDOWS\system32;C:\WINDOWS;C:/Program Files/Java/jre1.8.0_231/bin/server;C:/Program Files/Java/jre1.8.0_231/bin;C:/Program Files/Java/jre1.8.0_231/lib/amd64;C:\Program Files (x86)\Common Files\Oracle\Java\javapath;C:\Program Files\Common Files\Microsoft Shared\Microsoft Online Services;C:\Program Files (x86)\Common Files\Microsoft Shared\Microsoft Online Services;C:\WINDOWS\system32;C:\WINDOWS;C:\WINDOWS\System32\Wbem;C:\WINDOWS\System32\WindowsPowerShell\v1.0\;C:\Program Files\Intel\WiFi\bin\;C:\Program Files\Common Files\Intel\WirelessCommon\;C:\Users\450768\AppData\Roaming\nvm;C:\Program Files\nodejs;C:\Program Files\PuTTY\;C:\Program Files\Amazon\AWSCLI\bin\;C:\Program Files\Git\cmd;C:\terraform_0.11.14_windows_amd64;C:\Users\450768\AppData\Local\Microsoft\WindowsApps;C:\Users\450768\AppData\Local\Programs\Microsoft VS Code\bin;C:\Users\450768\AppData\Roaming\nvm;C:\Program Files\nodejs;C:\Users\450768\apache-maven-3.6.0-bin\apache-maven-3.6.0\bin;C:\Users\450768\Documents\OpenJDK8U-jdk_x64_windows_hotspot_8u192b12\jdk8u192-b12;C:\Users\450768\Documents\jboss-eap-7.1.4\jboss-eap-7.1.4\jboss-eap-7.1;;C:\Users\450768\AppData\Local\Programs\Fiddler;C:\Program Files\Eclipse\eclipse;;."/>
    <property name="java.specification.name" value="Java Platform API Specification"/>
    <property name="java.class.version" value="52.0"/>
    <property name="sun.management.compiler" value="HotSpot 64-Bit Tiered Compilers"/>
    <property name="os.version" value="10.0"/>
    <property name="user.home" value="C:\Users\450768"/>
    <property name="user.timezone" value="America/Chicago"/>
    <property name="java.awt.printerjob" value="sun.awt.windows.WPrinterJob"/>
    <property name="java.specification.version" value="1.8"/>
    <property name="file.encoding" value="Cp1252"/>
    <property name="user.name" value="450768"/>
    <property name="java.class.path" value="/C:/Program Files/Eclipse/eclipse/plugins/org.eclipse.m2e.maven.runtime_1.8.0.20160921-2001/jars/plexus-classworlds-2.5.2.jar"/>
    <property name="java.vm.specification.version" value="1.8"/>
    <property name="sun.arch.data.model" value="64"/>
    <property name="java.home" value="C:\Users\450768\Documents\OpenJDK8U-jdk_x64_windows_hotspot_8u192b12\jdk8u192-b12\jre"/>
    <property name="sun.java.command" value="org.codehaus.plexus.classworlds.launcher.Launcher -B install"/>
    <property name="java.specification.vendor" value="Oracle Corporation"/>
    <property name="user.language" value="en"/>
    <property name="awt.toolkit" value="sun.awt.windows.WToolkit"/>
    <property name="java.vm.info" value="mixed mode"/>
    <property name="java.version" value="1.8.0_192"/>
    <property name="java.ext.dirs" value="C:\Users\450768\Documents\OpenJDK8U-jdk_x64_windows_hotspot_8u192b12\jdk8u192-b12\jre\lib\ext;C:\WINDOWS\Sun\Java\lib\ext"/>
    <property name="sun.boot.class.path" value="C:\Users\450768\Documents\OpenJDK8U-jdk_x64_windows_hotspot_8u192b12\jdk8u192-b12\jre\lib\resources.jar;C:\Users\450768\Documents\OpenJDK8U-jdk_x64_windows_hotspot_8u192b12\jdk8u192-b12\jre\lib\rt.jar;C:\Users\450768\Documents\OpenJDK8U-jdk_x64_windows_hotspot_8u192b12\jdk8u192-b12\jre\lib\sunrsasign.jar;C:\Users\450768\Documents\OpenJDK8U-jdk_x64_windows_hotspot_8u192b12\jdk8u192-b12\jre\lib\jsse.jar;C:\Users\450768\Documents\OpenJDK8U-jdk_x64_windows_hotspot_8u192b12\jdk8u192-b12\jre\lib\jce.jar;C:\Users\450768\Documents\OpenJDK8U-jdk_x64_windows_hotspot_8u192b12\jdk8u192-b12\jre\lib\charsets.jar;C:\Users\450768\Documents\OpenJDK8U-jdk_x64_windows_hotspot_8u192b12\jdk8u192-b12\jre\lib\jfr.jar;C:\Users\450768\Documents\OpenJDK8U-jdk_x64_windows_hotspot_8u192b12\jdk8u192-b12\jre\classes"/>
    <property name="java.vendor" value="Oracle Corporation"/>
    <property name="maven.home" value="C:\Users\450768\git\policy-management-services\policy-management-services\EMBEDDED"/>
    <property name="file.separator" value="\"/>
    <property name="java.vendor.url.bug" value="http://bugreport.sun.com/bugreport/"/>
    <property name="sun.cpu.endian" value="little"/>
    <property name="sun.io.unicode.encoding" value="UnicodeLittle"/>
    <property name="sun.desktop" value="windows"/>
    <property name="sun.cpu.isalist" value="amd64"/>
  </properties>
  <testcase name="getPolicyInfo" classname="com.policyManagement.service.PolicyServiceTest" time="0.767"/>
  <testcase name="getUserPolicyInfo" classname="com.policyManagement.service.PolicyServiceTest" time="0.004"/>
</testsuite>